<?xml version="1.0" encoding="UTF-8"?>
<!-- Generated by org.testng.reporters.JUnitReportReporter -->
<testsuite skipped="0" hostname="GSK-QA-018" name="kctt.NewTest" tests="1" failures="0" timestamp="05 Sep 2020 06:20:20 GMT" time="8.102" errors="0">
  <testcase name="verifyContactsPageLabelTest" time="8.102" classname="kctt.NewTest"/>
</testsuite> <!-- kctt.NewTest -->
