<?xml version="1.0" encoding="UTF-8"?>
<!-- Generated by org.testng.reporters.JUnitReportReporter -->
<testsuite skipped="0" hostname="GSK-QA-018" name="kctt.NewTest" tests="1" failures="0" timestamp="01 Sep 2020 17:13:12 GMT" time="1.854" errors="0">
  <testcase name="verifyContactsPageLabelTest" time="1.854" classname="kctt.NewTest"/>
</testsuite> <!-- kctt.NewTest -->
