<?xml version="1.0" encoding="UTF-8"?>
<!-- Generated by org.testng.reporters.JUnitReportReporter -->
<testsuite skipped="0" hostname="GSK-QA-018" name="kctt.NewTest" tests="1" failures="0" timestamp="18 Sep 2020 09:57:36 GMT" time="38.183" errors="0">
  <testcase name="verifyContactsPageLabelTest" time="38.183" classname="kctt.NewTest"/>
</testsuite> <!-- kctt.NewTest -->
