<?xml version="1.0" encoding="UTF-8"?>
<!-- Generated by org.testng.reporters.JUnitReportReporter -->
<testsuite skipped="0" hostname="GSK-QA-018" name="kctt.NewTest" tests="1" failures="0" timestamp="04 Sep 2020 18:26:46 GMT" time="3.874" errors="0">
  <testcase name="verifyContactsPageLabelTest" time="3.874" classname="kctt.NewTest"/>
</testsuite> <!-- kctt.NewTest -->
