<?xml version="1.0" encoding="UTF-8"?>
<!-- Generated by org.testng.reporters.JUnitReportReporter -->
<testsuite skipped="0" hostname="GSK-QA-018" name="kctt.NewTest" tests="1" failures="0" timestamp="19 Sep 2020 07:28:33 GMT" time="28.348" errors="0">
  <testcase name="verifyContactsPageLabelTest" time="28.348" classname="kctt.NewTest"/>
</testsuite> <!-- kctt.NewTest -->
