<?xml version="1.0" encoding="UTF-8"?>
<!-- Generated by org.testng.reporters.JUnitReportReporter -->
<testsuite skipped="0" hostname="DESKTOP-T973OPM" name="kctt.DynamicTestNG" tests="1" failures="0" timestamp="30 Sep 2020 12:56:50 GMT" time="5.995" errors="0">
  <testcase name="dynamicTest" time="5.995" classname="kctt.DynamicTestNG"/>
</testsuite> <!-- kctt.DynamicTestNG -->
